---------- Date: 2014-10-15 23:11:29 ~ IP : ::1 ----------
REQUEST URI : /
MOD DETAILS:
   modFile   : /Users/rafaelfranco/Sites/rbpimports/vqmod/xml/Felipo-Numero-Complemento.xml
   id        : <a style="text-decoration:none" href="http://www.codemarket.com.br"><b  style="color:#00a99d;margin-right: 8px;">Code Market - Número e Complemento - Cadastro e Checkout</b></a>
   version   : 1.0
   vqmver    : 2.4.1
   author    : 
        <b><a style="color:#00a99d;" href="http://www.codemarket.com.br">Felipo Antonoff Araújo - codemarket.com.br</a></b>
    
VQModObject::parseMods - Could not resolve path for [catalog/controller/onecheckout/guest_shipping.php] (SKIPPED)
VQModObject::parseMods - Could not resolve path for [catalog/controller/onecheckout/payment_address.php] (SKIPPED)
VQModObject::parseMods - Could not resolve path for [catalog/controller/onecheckout/shipping_address.php] (SKIPPED)
----------------------------------------------------------------------


---------- Date: 2014-10-15 23:31:57 ~ IP : ::1 ----------
REQUEST URI : /index.php?route=product/product&amp;path=64_67&amp;product_id=233
MOD DETAILS:
   modFile   : /Users/rafaelfranco/Sites/rbpimports/vqmod/xml/Felipo-Comprar-Agora.xml
   id        : <a style="text-decoration:none" href="http://www.codemarket.com.br"><b  style="color:#00a99d;margin-right: 8px;">Code Market - Comprar Agora</b></a>
   version   : 1.1
   vqmver    : 2.4.1
   author    : 
        <b><a style="color:#00a99d;" href="http://www.codemarket.com.br">Felipo Antonoff Araújo - codemarket.com.br</a></b>
    

File Name    : catalog/view/theme/*/template/product/product.tpl(0)
VQModObject::applyMod - SEARCH NOT FOUND (ABORTING MOD): <input type="button" value="<?php echo $button_cart; ?>" id="button-cart" class="button" />
----------------------------------------------------------------------


---------- Date: 2014-10-15 23:35:06 ~ IP : ::1 ----------
REQUEST URI : /index.php?route=product/product&amp;product_id=115
MOD DETAILS:
   modFile   : /Users/rafaelfranco/Sites/rbpimports/vqmod/xml/Felipo-Numero-Complemento.xml
   id        : <a style="text-decoration:none" href="http://www.codemarket.com.br"><b  style="color:#00a99d;margin-right: 8px;">Code Market - Número e Complemento - Cadastro e Checkout</b></a>
   version   : 1.0
   vqmver    : 2.4.1
   author    : 
        <b><a style="color:#00a99d;" href="http://www.codemarket.com.br">Felipo Antonoff Araújo - codemarket.com.br</a></b>
    
VQModObject::parseMods - Could not resolve path for [catalog/controller/onecheckout/guest_shipping.php] (SKIPPED)
VQModObject::parseMods - Could not resolve path for [catalog/controller/onecheckout/payment_address.php] (SKIPPED)
VQModObject::parseMods - Could not resolve path for [catalog/controller/onecheckout/shipping_address.php] (SKIPPED)
----------------------------------------------------------------------


